<?xml version="1.0" encoding="UTF-8"?>
<!-- Generated by org.testng.reporters.JUnitXMLReporter -->
<testsuite hostname="PUGWSGH716S1VJ" ignored="0" name="TestBasicFunctionality" tests="6" failures="0" timestamp="08 Jun 2019 05:15:17 GMT" time="146.677" errors="0">
  <testcase name="loginPageTitleTest" time="0.023" classname="com.AutomationFramework.qa.testcases.LoginPageTest"/>
  <testcase name="validateHomePageTitleTest" time="0.009" classname="com.AutomationFramework.qa.testcases.HomePageTest"/>
  <testcase name="loginTest" time="9.957" classname="com.AutomationFramework.qa.testcases.LoginPageTest"/>
  <testcase name="selectDropDownValuesTest" time="19.871" classname="com.AutomationFramework.qa.testcases.HomePageTest"/>
  <testcase name="selectDropDownValuesTest" time="19.865" classname="com.AutomationFramework.qa.testcases.HomePageTest"/>
  <testcase name="navigatetoprojectPageTest" time="15.294" classname="com.AutomationFramework.qa.testcases.HomePageTest"/>
</testsuite> <!-- TestBasicFunctionality -->
