<?xml version="1.0" encoding="UTF-8"?>
<testng-results skipped="0" failed="0" ignored="0" total="1" passed="1">
  <reporter-output>
  </reporter-output>
  <suite name="Default suite" duration-ms="44545" started-at="2019-06-11T11:34:27Z" finished-at="2019-06-11T11:35:11Z">
    <groups>
    </groups>
    <test name="Default test" duration-ms="44545" started-at="2019-06-11T11:34:27Z" finished-at="2019-06-11T11:35:11Z">
      <class name="com.whirlpool.windchillautomation.qa.testcases.LoginTest">
        <test-method status="PASS" signature="setup()[pri:0, instance:com.whirlpool.windchillautomation.qa.testcases.LoginTest@289d1c02]" name="setup" is-config="true" duration-ms="26301" started-at="2019-06-11T11:34:27Z" finished-at="2019-06-11T11:34:53Z">
          <reporter-output>
          </reporter-output>
        </test-method> <!-- setup -->
        <test-method status="PASS" signature="NewPart()[pri:0, instance:com.whirlpool.windchillautomation.qa.testcases.LoginTest@289d1c02]" name="NewPart" duration-ms="18177" started-at="2019-06-11T11:34:53Z" finished-at="2019-06-11T11:35:11Z">
          <reporter-output>
          </reporter-output>
        </test-method> <!-- NewPart -->
      </class> <!-- com.whirlpool.windchillautomation.qa.testcases.LoginTest -->
    </test> <!-- Default test -->
  </suite> <!-- Default suite -->
</testng-results>
