<?xml version="1.0" encoding="UTF-8"?>
<!-- Generated by org.testng.reporters.JUnitXMLReporter -->
<testsuite hostname="PUGWSGH716S1VJ" ignored="0" name="TestBasicFunctionality" tests="6" failures="0" timestamp="07 Jun 2019 14:21:44 GMT" time="146.993" errors="0">
  <testcase name="loginPageTitleTest" time="0.015" classname="com.TestProject.qa.testcases.LoginPageTest"/>
  <testcase name="validateHomePageTitleTest" time="0.004" classname="com.TestProject.qa.testcases.HomePageTest"/>
  <testcase name="loginTest" time="9.961" classname="com.TestProject.qa.testcases.LoginPageTest"/>
  <testcase name="selectDropDownValuesTest" time="19.797" classname="com.TestProject.qa.testcases.HomePageTest"/>
  <testcase name="selectDropDownValuesTest" time="19.846" classname="com.TestProject.qa.testcases.HomePageTest"/>
  <testcase name="navigatetoprojectPageTest" time="15.31" classname="com.TestProject.qa.testcases.HomePageTest"/>
</testsuite> <!-- TestBasicFunctionality -->
